#
# There is insufficient memory for the Java Runtime Environment to continue.
# Native memory allocation (malloc) failed to allocate 1048576 bytes for AllocateHeap
# Possible reasons:
#   The system is out of physical RAM or swap space
#   The process is running with CompressedOops enabled, and the Java Heap may be blocking the growth of the native heap
# Possible solutions:
#   Reduce memory load on the system
#   Increase physical memory or swap space
#   Check if swap backing store is full
#   Decrease Java heap size (-Xmx/-Xms)
#   Decrease number of Java threads
#   Decrease Java thread stack sizes (-Xss)
#   Set larger code cache with -XX:ReservedCodeCacheSize=
#   JVM is running with Unscaled Compressed Oops mode in which the Java heap is
#     placed in the first 4GB address space. The Java Heap base address is the
#     maximum limit for the native heap growth. Please use -XX:HeapBaseMinAddress
#     to set the Java Heap base and to place the Java Heap above 4GB virtual address.
# This output file may be truncated or incomplete.
#
#  Out of Memory Error (memory/allocation.inline.hpp:61), pid=25100, tid=0x0000000000006878
#
# JRE version:  (8.0_201-b09) (build )
# Java VM: Java HotSpot(TM) 64-Bit Server VM (25.201-b09 mixed mode windows-amd64 compressed oops)
# Failed to write core dump. Minidumps are not enabled by default on client versions of Windows
#

---------------  T H R E A D  ---------------

Current thread (0x00000000026de800):  JavaThread "Unknown thread" [_thread_in_vm, id=26744, stack(0x00000000026e0000,0x00000000027e0000)]

Stack: [0x00000000026e0000,0x00000000027e0000]
[error occurred during error reporting (printing stack bounds), id 0xc0000005]

Native frames: (J=compiled Java code, j=interpreted, Vv=VM code, C=native code)


---------------  P R O C E S S  ---------------

Java Threads: ( => current thread )

Other Threads:

=>0x00000000026de800 (exited) JavaThread "Unknown thread" [_thread_in_vm, id=26744, stack(0x00000000026e0000,0x00000000027e0000)]

VM state:not at safepoint (normal execution)

VM Mutex/Monitor currently owned by a thread: None

heap address: 0x0000000081600000, size: 2026 MB, Compressed Oops mode: 32-bit
Narrow klass base: 0x0000000000000000, Narrow klass shift: 3
Compressed class space size: 1073741824 Address: 0x0000000100000000

Heap:
 PSYoungGen      total 38400K, used 665K [0x00000000d5d00000, 0x00000000d8780000, 0x0000000100000000)
  eden space 33280K, 2% used [0x00000000d5d00000,0x00000000d5da6670,0x00000000d7d80000)
  from space 5120K, 0% used [0x00000000d8280000,0x00000000d8280000,0x00000000d8780000)
  to   space 5120K, 0% used [0x00000000d7d80000,0x00000000d7d80000,0x00000000d8280000)
 ParOldGen       total 87552K, used 0K [0x0000000081600000, 0x0000000086b80000, 0x00000000d5d00000)
  object space 87552K, 0% used [0x0000000081600000,0x0000000081600000,0x0000000086b80000)
 Metaspace       used 775K, capacity 4480K, committed 4480K, reserved 1056768K
  class space    used 76K, capacity 384K, committed 384K, reserved 1048576K

Card table byte_map: [0x0000000011ca0000,0x00000000120a0000] byte_map_base: 0x0000000011895000

Marking Bits: (ParMarkBitMap*) 0x0000000054fe4ce0
 Begin Bits: [0x0000000012b50000, 0x0000000014af8000)
 End Bits:   [0x0000000014af8000, 0x0000000016aa0000)

Polling page: 0x0000000000f00000

CodeCache: size=245760Kb used=328Kb max_used=328Kb free=245431Kb
 bounds [0x00000000028e0000, 0x0000000002b50000, 0x00000000118e0000]
 total_blobs=58 nmethods=0 adapters=38
 compilation: enabled

Compilation events (0 events):
No events

GC Heap History (0 events):
No events

Deoptimization events (0 events):
No events

Classes redefined (0 events):
No events

Internal exceptions (0 events):
No events

Events (10 events):
Event: 0.022 loading class java/lang/Short
Event: 0.022 loading class java/lang/Short done
Event: 0.022 loading class java/lang/Integer
Event: 0.023 loading class java/lang/Integer done
Event: 0.023 loading class java/lang/Long
Event: 0.023 loading class java/lang/Long done
Event: 0.023 loading class java/lang/NullPointerException
Event: 0.023 loading class java/lang/NullPointerException done
Event: 0.023 loading class java/lang/ArithmeticException
Event: 0.023 loading class java/lang/ArithmeticException done


Dynamic libraries:
0x00007ff637410000 - 0x00007ff637447000 	C:\Program Files\Java\jdk1.8.0_201\bin\java.exe
0x00007ffc3d660000 - 0x00007ffc3d850000 	C:\WINDOWS\SYSTEM32\ntdll.dll
0x00007ffc3bf50000 - 0x00007ffc3c002000 	C:\WINDOWS\System32\KERNEL32.DLL
0x00007ffc3b240000 - 0x00007ffc3b4e4000 	C:\WINDOWS\System32\KERNELBASE.dll
0x00007ffc3c2d0000 - 0x00007ffc3c373000 	C:\WINDOWS\System32\ADVAPI32.dll
0x00007ffc3d3c0000 - 0x00007ffc3d45e000 	C:\WINDOWS\System32\msvcrt.dll
0x00007ffc3c160000 - 0x00007ffc3c1f7000 	C:\WINDOWS\System32\sechost.dll
0x00007ffc3c040000 - 0x00007ffc3c160000 	C:\WINDOWS\System32\RPCRT4.dll
0x00007ffc3c480000 - 0x00007ffc3c614000 	C:\WINDOWS\System32\USER32.dll
0x00007ffc3b1b0000 - 0x00007ffc3b1d1000 	C:\WINDOWS\System32\win32u.dll
0x00007ffc3c010000 - 0x00007ffc3c036000 	C:\WINDOWS\System32\GDI32.dll
0x00007ffc3b540000 - 0x00007ffc3b6d6000 	C:\WINDOWS\System32\gdi32full.dll
0x00007ffc3b0f0000 - 0x00007ffc3b18e000 	C:\WINDOWS\System32\msvcp_win.dll
0x00007ffc3aff0000 - 0x00007ffc3b0ea000 	C:\WINDOWS\System32\ucrtbase.dll
0x00007ffc27d60000 - 0x00007ffc27fe4000 	C:\WINDOWS\WinSxS\amd64_microsoft.windows.common-controls_6595b64144ccf1df_6.0.18362.959_none_e6c7bbbf130c62bb\COMCTL32.dll
0x00007ffc3bba0000 - 0x00007ffc3bed5000 	C:\WINDOWS\System32\combase.dll
0x00007ffc3af70000 - 0x00007ffc3aff0000 	C:\WINDOWS\System32\bcryptPrimitives.dll
0x00007ffc3cde0000 - 0x00007ffc3ce0e000 	C:\WINDOWS\System32\IMM32.DLL
0x00000000546e0000 - 0x00000000547b1000 	C:\Program Files\Java\jdk1.8.0_201\jre\bin\msvcr100.dll
0x00000000547c0000 - 0x0000000055064000 	C:\Program Files\Java\jdk1.8.0_201\jre\bin\server\jvm.dll
0x00007ffc3c400000 - 0x00007ffc3c408000 	C:\WINDOWS\System32\PSAPI.DLL
0x00007ffc26200000 - 0x00007ffc26209000 	C:\WINDOWS\SYSTEM32\WSOCK32.dll
0x00007ffc37d10000 - 0x00007ffc37d34000 	C:\WINDOWS\SYSTEM32\WINMM.dll
0x00007ffc32b50000 - 0x00007ffc32b5a000 	C:\WINDOWS\SYSTEM32\VERSION.dll
0x00007ffc3c620000 - 0x00007ffc3c68f000 	C:\WINDOWS\System32\WS2_32.dll
0x00007ffc37ce0000 - 0x00007ffc37d0d000 	C:\WINDOWS\SYSTEM32\winmmbase.dll
0x00007ffc3b4f0000 - 0x00007ffc3b53a000 	C:\WINDOWS\System32\cfgmgr32.dll
0x00007ffc37dd0000 - 0x00007ffc37ddf000 	C:\Program Files\Java\jdk1.8.0_201\jre\bin\verify.dll
0x00007ffc27030000 - 0x00007ffc27059000 	C:\Program Files\Java\jdk1.8.0_201\jre\bin\java.dll
0x00007ffc36170000 - 0x00007ffc36186000 	C:\Program Files\Java\jdk1.8.0_201\jre\bin\zip.dll

VM Arguments:
jvm_args: -Dfile.encoding=UTF-8 
java_command: Employee.Homepage
java_class_path (initial): C:\Program Files\NetBeans 8.2\ide\modules\ext\mysql-connector-java-5.1.23-bin.jar;C:\Users\duttj\Documents\NetBeansProjects\Employee Management System\build\classes
Launcher Type: SUN_STANDARD

Environment Variables:
JAVA_HOME=C:\Program Files\Java\jdk1.8.0_201
PATH=C:\Program Files (x86)\Common Files\Oracle\Java\javapath;C:\Program Files (x86)\Intel\Intel(R) Management Engine Components\iCLS\;C:\Program Files\Intel\Intel(R) Management Engine Components\iCLS\;C:\WINDOWS\system32;C:\WINDOWS;C:\WINDOWS\System32\Wbem;C:\WINDOWS\System32\WindowsPowerShell\v1.0\;C:\Program Files (x86)\Intel\Intel(R) Management Engine Components\DAL;C:\Program Files\Intel\Intel(R) Management Engine Components\DAL;C:\Program Files (x86)\Intel\Intel(R) Management Engine Components\IPT;C:\Program Files\Intel\Intel(R) Management Engine Components\IPT;C:\Program Files\Java\jdk-9.0.4\bin;C:\WINDOWS\System32\OpenSSH\;C:\Program Files\Calibre2\;C:\Program Files\MySQL\MySQL Utilities 1.6\;C:\Program Files\Java\jre-9.0.4\bin;C:\Program Files\JetBrains\IntelliJ IDEA Community Edition 2019.3.3\bin;
USERNAME=duttj
OS=Windows_NT
PROCESSOR_IDENTIFIER=Intel64 Family 6 Model 142 Stepping 10, GenuineIntel



---------------  S Y S T E M  ---------------

OS: Windows 10.0 , 64 bit Build 18362 (10.0.18362.959)

CPU:total 8 (initial active 8) (4 cores per cpu, 2 threads per core) family 6 model 142 stepping 10, cmov, cx8, fxsr, mmx, sse, sse2, sse3, ssse3, sse4.1, sse4.2, popcnt, avx, avx2, aes, clmul, erms, 3dnowpref, lzcnt, ht, tsc, tscinvbit, bmi1, bmi2, adx

Memory: 4k page, physical 8295652k(1198612k free), swap 33461476k(5340k free)

vm_info: Java HotSpot(TM) 64-Bit Server VM (25.201-b09) for windows-amd64 JRE (1.8.0_201-b09), built on Dec 15 2018 18:36:39 by "java_re" with MS VC++ 10.0 (VS2010)

time: Fri Jul 24 01:21:30 2020
timezone: India Standard Time
elapsed time: 0 seconds (0d 0h 0m 0s)

